16-04-20 16:02:58,951 INFO  us.codecraft.webmagic.Spider(Spider.java:307) ## Spider www.zhihu.com started!
16-04-20 16:02:58,955 INFO  us.codecraft.webmagic.downloader.HttpClientDownloader(HttpClientDownloader.java:87) ## downloading page https://www.zhihu.com/people/kong-xiang-yuan-92/followees
16-04-20 16:03:04,727 WARN  us.codecraft.webmagic.downloader.HttpClientDownloader(HttpClientDownloader.java:104) ## download page https://www.zhihu.com/people/kong-xiang-yuan-92/followees error
java.net.SocketTimeoutException: Read timed out
	at java.net.SocketInputStream.socketRead0(Native Method)
	at java.net.SocketInputStream.socketRead(SocketInputStream.java:116)
	at java.net.SocketInputStream.read(SocketInputStream.java:170)
	at java.net.SocketInputStream.read(SocketInputStream.java:141)
	at sun.security.ssl.InputRecord.readFully(InputRecord.java:465)
	at sun.security.ssl.InputRecord.read(InputRecord.java:503)
	at sun.security.ssl.SSLSocketImpl.readRecord(SSLSocketImpl.java:973)
	at sun.security.ssl.SSLSocketImpl.readDataRecord(SSLSocketImpl.java:930)
	at sun.security.ssl.AppInputStream.read(AppInputStream.java:105)
	at org.apache.http.impl.io.SessionInputBufferImpl.streamRead(SessionInputBufferImpl.java:136)
	at org.apache.http.impl.io.SessionInputBufferImpl.fillBuffer(SessionInputBufferImpl.java:152)
	at org.apache.http.impl.io.SessionInputBufferImpl.readLine(SessionInputBufferImpl.java:270)
	at org.apache.http.impl.conn.DefaultHttpResponseParser.parseHead(DefaultHttpResponseParser.java:140)
	at org.apache.http.impl.conn.DefaultHttpResponseParser.parseHead(DefaultHttpResponseParser.java:57)
	at org.apache.http.impl.io.AbstractMessageParser.parse(AbstractMessageParser.java:260)
	at org.apache.http.impl.DefaultBHttpClientConnection.receiveResponseHeader(DefaultBHttpClientConnection.java:161)
	at sun.reflect.NativeMethodAccessorImpl.invoke0(Native Method)
	at sun.reflect.NativeMethodAccessorImpl.invoke(NativeMethodAccessorImpl.java:62)
	at sun.reflect.DelegatingMethodAccessorImpl.invoke(DelegatingMethodAccessorImpl.java:43)
	at java.lang.reflect.Method.invoke(Method.java:497)
	at org.apache.http.impl.conn.CPoolProxy.invoke(CPoolProxy.java:138)
	at com.sun.proxy.$Proxy2.receiveResponseHeader(Unknown Source)
	at org.apache.http.protocol.HttpRequestExecutor.doReceiveResponse(HttpRequestExecutor.java:271)
	at org.apache.http.protocol.HttpRequestExecutor.execute(HttpRequestExecutor.java:123)
	at org.apache.http.impl.execchain.MainClientExec.execute(MainClientExec.java:254)
	at org.apache.http.impl.execchain.ProtocolExec.execute(ProtocolExec.java:195)
	at org.apache.http.impl.execchain.RetryExec.execute(RetryExec.java:86)
	at org.apache.http.impl.execchain.RedirectExec.execute(RedirectExec.java:108)
	at org.apache.http.impl.client.InternalHttpClient.doExecute(InternalHttpClient.java:186)
	at org.apache.http.impl.client.CloseableHttpClient.execute(CloseableHttpClient.java:82)
	at org.apache.http.impl.client.CloseableHttpClient.execute(CloseableHttpClient.java:106)
	at us.codecraft.webmagic.downloader.HttpClientDownloader.download(HttpClientDownloader.java:92)
	at us.codecraft.webmagic.Spider.processRequest(Spider.java:408)
	at us.codecraft.webmagic.Spider$1.run(Spider.java:322)
	at us.codecraft.webmagic.selector.thread.CountableThreadPool$1.run(CountableThreadPool.java:74)
	at java.util.concurrent.ThreadPoolExecutor.runWorker(ThreadPoolExecutor.java:1142)
	at java.util.concurrent.ThreadPoolExecutor$Worker.run(ThreadPoolExecutor.java:617)
	at java.lang.Thread.run(Thread.java:745)
16-04-20 16:06:32,199 INFO  us.codecraft.webmagic.Spider(Spider.java:307) ## Spider www.zhihu.com started!
16-04-20 16:06:32,203 INFO  us.codecraft.webmagic.downloader.HttpClientDownloader(HttpClientDownloader.java:87) ## downloading page https://www.zhihu.com/people/kong-xiang-yuan-92/followees
16-04-20 16:06:37,933 WARN  us.codecraft.webmagic.downloader.HttpClientDownloader(HttpClientDownloader.java:104) ## download page https://www.zhihu.com/people/kong-xiang-yuan-92/followees error
java.net.SocketTimeoutException: Read timed out
	at java.net.SocketInputStream.socketRead0(Native Method)
	at java.net.SocketInputStream.socketRead(SocketInputStream.java:116)
	at java.net.SocketInputStream.read(SocketInputStream.java:170)
	at java.net.SocketInputStream.read(SocketInputStream.java:141)
	at sun.security.ssl.InputRecord.readFully(InputRecord.java:465)
	at sun.security.ssl.InputRecord.read(InputRecord.java:503)
	at sun.security.ssl.SSLSocketImpl.readRecord(SSLSocketImpl.java:973)
	at sun.security.ssl.SSLSocketImpl.readDataRecord(SSLSocketImpl.java:930)
	at sun.security.ssl.AppInputStream.read(AppInputStream.java:105)
	at org.apache.http.impl.io.SessionInputBufferImpl.streamRead(SessionInputBufferImpl.java:136)
	at org.apache.http.impl.io.SessionInputBufferImpl.fillBuffer(SessionInputBufferImpl.java:152)
	at org.apache.http.impl.io.SessionInputBufferImpl.readLine(SessionInputBufferImpl.java:270)
	at org.apache.http.impl.conn.DefaultHttpResponseParser.parseHead(DefaultHttpResponseParser.java:140)
	at org.apache.http.impl.conn.DefaultHttpResponseParser.parseHead(DefaultHttpResponseParser.java:57)
	at org.apache.http.impl.io.AbstractMessageParser.parse(AbstractMessageParser.java:260)
	at org.apache.http.impl.DefaultBHttpClientConnection.receiveResponseHeader(DefaultBHttpClientConnection.java:161)
	at sun.reflect.NativeMethodAccessorImpl.invoke0(Native Method)
	at sun.reflect.NativeMethodAccessorImpl.invoke(NativeMethodAccessorImpl.java:62)
	at sun.reflect.DelegatingMethodAccessorImpl.invoke(DelegatingMethodAccessorImpl.java:43)
	at java.lang.reflect.Method.invoke(Method.java:497)
	at org.apache.http.impl.conn.CPoolProxy.invoke(CPoolProxy.java:138)
	at com.sun.proxy.$Proxy2.receiveResponseHeader(Unknown Source)
	at org.apache.http.protocol.HttpRequestExecutor.doReceiveResponse(HttpRequestExecutor.java:271)
	at org.apache.http.protocol.HttpRequestExecutor.execute(HttpRequestExecutor.java:123)
	at org.apache.http.impl.execchain.MainClientExec.execute(MainClientExec.java:254)
	at org.apache.http.impl.execchain.ProtocolExec.execute(ProtocolExec.java:195)
	at org.apache.http.impl.execchain.RetryExec.execute(RetryExec.java:86)
	at org.apache.http.impl.execchain.RedirectExec.execute(RedirectExec.java:108)
	at org.apache.http.impl.client.InternalHttpClient.doExecute(InternalHttpClient.java:186)
	at org.apache.http.impl.client.CloseableHttpClient.execute(CloseableHttpClient.java:82)
	at org.apache.http.impl.client.CloseableHttpClient.execute(CloseableHttpClient.java:106)
	at us.codecraft.webmagic.downloader.HttpClientDownloader.download(HttpClientDownloader.java:92)
	at us.codecraft.webmagic.Spider.processRequest(Spider.java:408)
	at us.codecraft.webmagic.Spider$1.run(Spider.java:322)
	at us.codecraft.webmagic.selector.thread.CountableThreadPool$1.run(CountableThreadPool.java:74)
	at java.util.concurrent.ThreadPoolExecutor.runWorker(ThreadPoolExecutor.java:1142)
	at java.util.concurrent.ThreadPoolExecutor$Worker.run(ThreadPoolExecutor.java:617)
	at java.lang.Thread.run(Thread.java:745)
16-04-20 16:09:19,366 INFO  us.codecraft.webmagic.Spider(Spider.java:307) ## Spider www.zhihu.com started!
16-04-20 16:09:19,370 INFO  us.codecraft.webmagic.downloader.HttpClientDownloader(HttpClientDownloader.java:87) ## downloading page https://www.zhihu.com/people/kong-xiang-yuan-92/followees
16-04-20 16:09:25,119 WARN  us.codecraft.webmagic.downloader.HttpClientDownloader(HttpClientDownloader.java:104) ## download page https://www.zhihu.com/people/kong-xiang-yuan-92/followees error
java.net.SocketTimeoutException: Read timed out
	at java.net.SocketInputStream.socketRead0(Native Method)
	at java.net.SocketInputStream.socketRead(SocketInputStream.java:116)
	at java.net.SocketInputStream.read(SocketInputStream.java:170)
	at java.net.SocketInputStream.read(SocketInputStream.java:141)
	at sun.security.ssl.InputRecord.readFully(InputRecord.java:465)
	at sun.security.ssl.InputRecord.read(InputRecord.java:503)
	at sun.security.ssl.SSLSocketImpl.readRecord(SSLSocketImpl.java:973)
	at sun.security.ssl.SSLSocketImpl.readDataRecord(SSLSocketImpl.java:930)
	at sun.security.ssl.AppInputStream.read(AppInputStream.java:105)
	at org.apache.http.impl.io.SessionInputBufferImpl.streamRead(SessionInputBufferImpl.java:136)
	at org.apache.http.impl.io.SessionInputBufferImpl.fillBuffer(SessionInputBufferImpl.java:152)
	at org.apache.http.impl.io.SessionInputBufferImpl.readLine(SessionInputBufferImpl.java:270)
	at org.apache.http.impl.conn.DefaultHttpResponseParser.parseHead(DefaultHttpResponseParser.java:140)
	at org.apache.http.impl.conn.DefaultHttpResponseParser.parseHead(DefaultHttpResponseParser.java:57)
	at org.apache.http.impl.io.AbstractMessageParser.parse(AbstractMessageParser.java:260)
	at org.apache.http.impl.DefaultBHttpClientConnection.receiveResponseHeader(DefaultBHttpClientConnection.java:161)
	at sun.reflect.NativeMethodAccessorImpl.invoke0(Native Method)
	at sun.reflect.NativeMethodAccessorImpl.invoke(NativeMethodAccessorImpl.java:62)
	at sun.reflect.DelegatingMethodAccessorImpl.invoke(DelegatingMethodAccessorImpl.java:43)
	at java.lang.reflect.Method.invoke(Method.java:497)
	at org.apache.http.impl.conn.CPoolProxy.invoke(CPoolProxy.java:138)
	at com.sun.proxy.$Proxy2.receiveResponseHeader(Unknown Source)
	at org.apache.http.protocol.HttpRequestExecutor.doReceiveResponse(HttpRequestExecutor.java:271)
	at org.apache.http.protocol.HttpRequestExecutor.execute(HttpRequestExecutor.java:123)
	at org.apache.http.impl.execchain.MainClientExec.execute(MainClientExec.java:254)
	at org.apache.http.impl.execchain.ProtocolExec.execute(ProtocolExec.java:195)
	at org.apache.http.impl.execchain.RetryExec.execute(RetryExec.java:86)
	at org.apache.http.impl.execchain.RedirectExec.execute(RedirectExec.java:108)
	at org.apache.http.impl.client.InternalHttpClient.doExecute(InternalHttpClient.java:186)
	at org.apache.http.impl.client.CloseableHttpClient.execute(CloseableHttpClient.java:82)
	at org.apache.http.impl.client.CloseableHttpClient.execute(CloseableHttpClient.java:106)
	at us.codecraft.webmagic.downloader.HttpClientDownloader.download(HttpClientDownloader.java:92)
	at us.codecraft.webmagic.Spider.processRequest(Spider.java:408)
	at us.codecraft.webmagic.Spider$1.run(Spider.java:322)
	at us.codecraft.webmagic.selector.thread.CountableThreadPool$1.run(CountableThreadPool.java:74)
	at java.util.concurrent.ThreadPoolExecutor.runWorker(ThreadPoolExecutor.java:1142)
	at java.util.concurrent.ThreadPoolExecutor$Worker.run(ThreadPoolExecutor.java:617)
	at java.lang.Thread.run(Thread.java:745)
16-04-20 16:13:57,941 INFO  us.codecraft.webmagic.Spider(Spider.java:307) ## Spider www.zhihu.com started!
16-04-20 16:13:57,945 INFO  us.codecraft.webmagic.downloader.HttpClientDownloader(HttpClientDownloader.java:87) ## downloading page https://www.zhihu.com/people/kong-xiang-yuan-92/followees
16-04-20 16:14:03,678 WARN  us.codecraft.webmagic.downloader.HttpClientDownloader(HttpClientDownloader.java:104) ## download page https://www.zhihu.com/people/kong-xiang-yuan-92/followees error
java.net.SocketTimeoutException: Read timed out
	at java.net.SocketInputStream.socketRead0(Native Method)
	at java.net.SocketInputStream.socketRead(SocketInputStream.java:116)
	at java.net.SocketInputStream.read(SocketInputStream.java:170)
	at java.net.SocketInputStream.read(SocketInputStream.java:141)
	at sun.security.ssl.InputRecord.readFully(InputRecord.java:465)
	at sun.security.ssl.InputRecord.read(InputRecord.java:503)
	at sun.security.ssl.SSLSocketImpl.readRecord(SSLSocketImpl.java:973)
	at sun.security.ssl.SSLSocketImpl.readDataRecord(SSLSocketImpl.java:930)
	at sun.security.ssl.AppInputStream.read(AppInputStream.java:105)
	at org.apache.http.impl.io.SessionInputBufferImpl.streamRead(SessionInputBufferImpl.java:136)
	at org.apache.http.impl.io.SessionInputBufferImpl.fillBuffer(SessionInputBufferImpl.java:152)
	at org.apache.http.impl.io.SessionInputBufferImpl.readLine(SessionInputBufferImpl.java:270)
	at org.apache.http.impl.conn.DefaultHttpResponseParser.parseHead(DefaultHttpResponseParser.java:140)
	at org.apache.http.impl.conn.DefaultHttpResponseParser.parseHead(DefaultHttpResponseParser.java:57)
	at org.apache.http.impl.io.AbstractMessageParser.parse(AbstractMessageParser.java:260)
	at org.apache.http.impl.DefaultBHttpClientConnection.receiveResponseHeader(DefaultBHttpClientConnection.java:161)
	at sun.reflect.NativeMethodAccessorImpl.invoke0(Native Method)
	at sun.reflect.NativeMethodAccessorImpl.invoke(NativeMethodAccessorImpl.java:62)
	at sun.reflect.DelegatingMethodAccessorImpl.invoke(DelegatingMethodAccessorImpl.java:43)
	at java.lang.reflect.Method.invoke(Method.java:497)
	at org.apache.http.impl.conn.CPoolProxy.invoke(CPoolProxy.java:138)
	at com.sun.proxy.$Proxy2.receiveResponseHeader(Unknown Source)
	at org.apache.http.protocol.HttpRequestExecutor.doReceiveResponse(HttpRequestExecutor.java:271)
	at org.apache.http.protocol.HttpRequestExecutor.execute(HttpRequestExecutor.java:123)
	at org.apache.http.impl.execchain.MainClientExec.execute(MainClientExec.java:254)
	at org.apache.http.impl.execchain.ProtocolExec.execute(ProtocolExec.java:195)
	at org.apache.http.impl.execchain.RetryExec.execute(RetryExec.java:86)
	at org.apache.http.impl.execchain.RedirectExec.execute(RedirectExec.java:108)
	at org.apache.http.impl.client.InternalHttpClient.doExecute(InternalHttpClient.java:186)
	at org.apache.http.impl.client.CloseableHttpClient.execute(CloseableHttpClient.java:82)
	at org.apache.http.impl.client.CloseableHttpClient.execute(CloseableHttpClient.java:106)
	at us.codecraft.webmagic.downloader.HttpClientDownloader.download(HttpClientDownloader.java:92)
	at us.codecraft.webmagic.Spider.processRequest(Spider.java:408)
	at us.codecraft.webmagic.Spider$1.run(Spider.java:322)
	at us.codecraft.webmagic.selector.thread.CountableThreadPool$1.run(CountableThreadPool.java:74)
	at java.util.concurrent.ThreadPoolExecutor.runWorker(ThreadPoolExecutor.java:1142)
	at java.util.concurrent.ThreadPoolExecutor$Worker.run(ThreadPoolExecutor.java:617)
	at java.lang.Thread.run(Thread.java:745)
16-04-20 16:14:34,907 INFO  us.codecraft.webmagic.Spider(Spider.java:307) ## Spider www.baidu.com started!
16-04-20 16:14:34,911 INFO  us.codecraft.webmagic.downloader.HttpClientDownloader(HttpClientDownloader.java:87) ## downloading page https://www.baidu.com
16-04-20 16:14:35,750 WARN  us.codecraft.webmagic.downloader.HttpClientDownloader(HttpClientDownloader.java:194) ## Charset autodetect failed, use UTF-8 as charset. Please specify charset in Site.setCharset()
16-04-20 16:14:52,005 INFO  us.codecraft.webmagic.Spider(Spider.java:307) ## Spider www.zhihu.com started!
16-04-20 16:14:52,009 INFO  us.codecraft.webmagic.downloader.HttpClientDownloader(HttpClientDownloader.java:87) ## downloading page https://www.zhihu.com/people/kong-xiang-yuan-92/followees
16-04-20 16:14:57,313 WARN  us.codecraft.webmagic.downloader.HttpClientDownloader(HttpClientDownloader.java:104) ## download page https://www.zhihu.com/people/kong-xiang-yuan-92/followees error
java.net.SocketTimeoutException: Read timed out
	at java.net.SocketInputStream.socketRead0(Native Method)
	at java.net.SocketInputStream.socketRead(SocketInputStream.java:116)
	at java.net.SocketInputStream.read(SocketInputStream.java:170)
	at java.net.SocketInputStream.read(SocketInputStream.java:141)
	at sun.security.ssl.InputRecord.readFully(InputRecord.java:465)
	at sun.security.ssl.InputRecord.read(InputRecord.java:503)
	at sun.security.ssl.SSLSocketImpl.readRecord(SSLSocketImpl.java:973)
	at sun.security.ssl.SSLSocketImpl.readDataRecord(SSLSocketImpl.java:930)
	at sun.security.ssl.AppInputStream.read(AppInputStream.java:105)
	at org.apache.http.impl.io.SessionInputBufferImpl.streamRead(SessionInputBufferImpl.java:136)
	at org.apache.http.impl.io.SessionInputBufferImpl.fillBuffer(SessionInputBufferImpl.java:152)
	at org.apache.http.impl.io.SessionInputBufferImpl.readLine(SessionInputBufferImpl.java:270)
	at org.apache.http.impl.conn.DefaultHttpResponseParser.parseHead(DefaultHttpResponseParser.java:140)
	at org.apache.http.impl.conn.DefaultHttpResponseParser.parseHead(DefaultHttpResponseParser.java:57)
	at org.apache.http.impl.io.AbstractMessageParser.parse(AbstractMessageParser.java:260)
	at org.apache.http.impl.DefaultBHttpClientConnection.receiveResponseHeader(DefaultBHttpClientConnection.java:161)
	at sun.reflect.NativeMethodAccessorImpl.invoke0(Native Method)
	at sun.reflect.NativeMethodAccessorImpl.invoke(NativeMethodAccessorImpl.java:62)
	at sun.reflect.DelegatingMethodAccessorImpl.invoke(DelegatingMethodAccessorImpl.java:43)
	at java.lang.reflect.Method.invoke(Method.java:497)
	at org.apache.http.impl.conn.CPoolProxy.invoke(CPoolProxy.java:138)
	at com.sun.proxy.$Proxy2.receiveResponseHeader(Unknown Source)
	at org.apache.http.protocol.HttpRequestExecutor.doReceiveResponse(HttpRequestExecutor.java:271)
	at org.apache.http.protocol.HttpRequestExecutor.execute(HttpRequestExecutor.java:123)
	at org.apache.http.impl.execchain.MainClientExec.execute(MainClientExec.java:254)
	at org.apache.http.impl.execchain.ProtocolExec.execute(ProtocolExec.java:195)
	at org.apache.http.impl.execchain.RetryExec.execute(RetryExec.java:86)
	at org.apache.http.impl.execchain.RedirectExec.execute(RedirectExec.java:108)
	at org.apache.http.impl.client.InternalHttpClient.doExecute(InternalHttpClient.java:186)
	at org.apache.http.impl.client.CloseableHttpClient.execute(CloseableHttpClient.java:82)
	at org.apache.http.impl.client.CloseableHttpClient.execute(CloseableHttpClient.java:106)
	at us.codecraft.webmagic.downloader.HttpClientDownloader.download(HttpClientDownloader.java:92)
	at us.codecraft.webmagic.Spider.processRequest(Spider.java:408)
	at us.codecraft.webmagic.Spider$1.run(Spider.java:322)
	at us.codecraft.webmagic.selector.thread.CountableThreadPool$1.run(CountableThreadPool.java:74)
	at java.util.concurrent.ThreadPoolExecutor.runWorker(ThreadPoolExecutor.java:1142)
	at java.util.concurrent.ThreadPoolExecutor$Worker.run(ThreadPoolExecutor.java:617)
	at java.lang.Thread.run(Thread.java:745)
16-04-20 16:21:32,180 INFO  us.codecraft.webmagic.Spider(Spider.java:307) ## Spider www.zhihu.com started!
16-04-20 16:21:32,184 INFO  us.codecraft.webmagic.downloader.HttpClientDownloader(HttpClientDownloader.java:87) ## downloading page https://www.zhihu.com/people/kong-xiang-yuan-92/followees
16-04-20 16:28:29,863 INFO  us.codecraft.webmagic.Spider(Spider.java:307) ## Spider www.zhihu.com started!
16-04-20 16:28:29,867 INFO  us.codecraft.webmagic.downloader.HttpClientDownloader(HttpClientDownloader.java:87) ## downloading page https://www.zhihu.com/people/kong-xiang-yuan-92/followees
16-04-20 16:28:51,881 INFO  us.codecraft.webmagic.Spider(Spider.java:307) ## Spider www.zhihu.com started!
16-04-20 16:28:51,885 INFO  us.codecraft.webmagic.downloader.HttpClientDownloader(HttpClientDownloader.java:87) ## downloading page https://www.zhihu.com/people/kong-xiang-yuan-92/followees
16-04-20 16:29:42,551 INFO  us.codecraft.webmagic.Spider(Spider.java:307) ## Spider www.zhihu.com started!
16-04-20 16:29:42,555 INFO  us.codecraft.webmagic.downloader.HttpClientDownloader(HttpClientDownloader.java:87) ## downloading page https://www.zhihu.com/people/kong-xiang-yuan-92/followees
16-04-20 16:32:03,970 INFO  us.codecraft.webmagic.Spider(Spider.java:307) ## Spider www.zhihu.com started!
16-04-20 16:32:03,974 INFO  us.codecraft.webmagic.downloader.HttpClientDownloader(HttpClientDownloader.java:87) ## downloading page https://www.zhihu.com/people/kong-xiang-yuan-92/followees
16-04-20 16:32:25,094 INFO  us.codecraft.webmagic.Spider(Spider.java:307) ## Spider www.zhihu.com started!
16-04-20 16:32:25,099 INFO  us.codecraft.webmagic.downloader.HttpClientDownloader(HttpClientDownloader.java:87) ## downloading page https://www.zhihu.com/people/kong-xiang-yuan-92/followees
16-04-20 16:32:50,234 INFO  us.codecraft.webmagic.Spider(Spider.java:307) ## Spider www.zhihu.com started!
16-04-20 16:32:50,238 INFO  us.codecraft.webmagic.downloader.HttpClientDownloader(HttpClientDownloader.java:87) ## downloading page https://www.zhihu.com/people/kong-xiang-yuan-92/followees
16-04-20 16:44:05,435 INFO  us.codecraft.webmagic.Spider(Spider.java:307) ## Spider www.zhihu.com started!
16-04-20 16:44:05,439 INFO  us.codecraft.webmagic.downloader.HttpClientDownloader(HttpClientDownloader.java:87) ## downloading page https://www.zhihu.com/people/kong-xiang-yuan-92/followees
16-04-20 16:44:06,427 INFO  us.codecraft.webmagic.downloader.HttpClientDownloader(HttpClientDownloader.java:87) ## downloading page https://www.zhihu.com/people/jinercheung
16-04-20 16:44:53,361 INFO  us.codecraft.webmagic.Spider(Spider.java:307) ## Spider www.zhihu.com started!
16-04-20 16:44:53,365 INFO  us.codecraft.webmagic.downloader.HttpClientDownloader(HttpClientDownloader.java:87) ## downloading page https://www.zhihu.com/people/kong-xiang-yuan-92/followees
16-04-20 16:44:54,185 INFO  us.codecraft.webmagic.downloader.HttpClientDownloader(HttpClientDownloader.java:87) ## downloading page https://www.zhihu.com/people/jinercheung
16-04-20 16:45:54,032 INFO  us.codecraft.webmagic.Spider(Spider.java:307) ## Spider www.zhihu.com started!
16-04-20 16:45:54,036 INFO  us.codecraft.webmagic.downloader.HttpClientDownloader(HttpClientDownloader.java:87) ## downloading page https://www.zhihu.com/people/kong-xiang-yuan-92/followees
16-04-20 16:46:34,391 INFO  us.codecraft.webmagic.Spider(Spider.java:307) ## Spider www.zhihu.com started!
16-04-20 16:46:34,396 INFO  us.codecraft.webmagic.downloader.HttpClientDownloader(HttpClientDownloader.java:87) ## downloading page https://www.zhihu.com/people/kong-xiang-yuan-92/followees
16-04-20 16:48:24,383 INFO  us.codecraft.webmagic.Spider(Spider.java:307) ## Spider www.zhihu.com started!
16-04-20 16:48:24,387 INFO  us.codecraft.webmagic.downloader.HttpClientDownloader(HttpClientDownloader.java:87) ## downloading page https://www.zhihu.com/people/kong-xiang-yuan-92/followees
16-04-20 16:52:27,948 INFO  us.codecraft.webmagic.Spider(Spider.java:307) ## Spider www.zhihu.com started!
16-04-20 16:52:27,952 INFO  us.codecraft.webmagic.downloader.HttpClientDownloader(HttpClientDownloader.java:87) ## downloading page https://www.zhihu.com/people/kong-xiang-yuan-92/followees
16-04-20 16:53:18,473 INFO  us.codecraft.webmagic.Spider(Spider.java:307) ## Spider www.zhihu.com started!
16-04-20 16:53:18,477 INFO  us.codecraft.webmagic.downloader.HttpClientDownloader(HttpClientDownloader.java:87) ## downloading page https://www.zhihu.com/people/kong-xiang-yuan-92/followees
16-04-20 16:54:53,075 INFO  us.codecraft.webmagic.Spider(Spider.java:307) ## Spider www.zhihu.com started!
16-04-20 16:54:53,079 INFO  us.codecraft.webmagic.downloader.HttpClientDownloader(HttpClientDownloader.java:87) ## downloading page https://www.zhihu.com/people/kong-xiang-yuan-92/followees
16-04-20 16:59:38,426 INFO  us.codecraft.webmagic.Spider(Spider.java:307) ## Spider www.zhihu.com started!
16-04-20 16:59:38,430 INFO  us.codecraft.webmagic.downloader.HttpClientDownloader(HttpClientDownloader.java:87) ## downloading page https://www.zhihu.com/people/kong-xiang-yuan-92/followees
16-04-20 17:02:42,474 INFO  us.codecraft.webmagic.Spider(Spider.java:307) ## Spider www.zhihu.com started!
16-04-20 17:02:42,478 INFO  us.codecraft.webmagic.downloader.HttpClientDownloader(HttpClientDownloader.java:87) ## downloading page https://www.zhihu.com/people/kong-xiang-yuan-92/followees
16-04-20 17:03:12,853 INFO  us.codecraft.webmagic.Spider(Spider.java:307) ## Spider www.zhihu.com started!
16-04-20 17:03:12,857 INFO  us.codecraft.webmagic.downloader.HttpClientDownloader(HttpClientDownloader.java:87) ## downloading page https://www.zhihu.com/people/kong-xiang-yuan-92/followees
16-04-20 17:03:13,452 ERROR us.codecraft.webmagic.Spider(Spider.java:326) ## process request Request{url='https://www.zhihu.com/people/kong-xiang-yuan-92/followees', method='null', extras={statusCode=200}, priority=0} error
java.lang.IndexOutOfBoundsException: Index: 0, Size: 0
	at java.util.ArrayList.rangeCheck(ArrayList.java:653)
	at java.util.ArrayList.get(ArrayList.java:429)
	at mySpider.MyPageProcessor.process(MyPageProcessor.java:30)
	at us.codecraft.webmagic.Spider.processRequest(Spider.java:420)
	at us.codecraft.webmagic.Spider$1.run(Spider.java:322)
	at us.codecraft.webmagic.selector.thread.CountableThreadPool$1.run(CountableThreadPool.java:74)
	at java.util.concurrent.ThreadPoolExecutor.runWorker(ThreadPoolExecutor.java:1142)
	at java.util.concurrent.ThreadPoolExecutor$Worker.run(ThreadPoolExecutor.java:617)
	at java.lang.Thread.run(Thread.java:745)
16-04-20 17:03:24,772 INFO  us.codecraft.webmagic.Spider(Spider.java:307) ## Spider www.zhihu.com started!
16-04-20 17:03:24,776 INFO  us.codecraft.webmagic.downloader.HttpClientDownloader(HttpClientDownloader.java:87) ## downloading page https://www.zhihu.com/people/kong-xiang-yuan-92/followees
16-04-20 17:03:25,529 INFO  us.codecraft.webmagic.downloader.HttpClientDownloader(HttpClientDownloader.java:87) ## downloading page https://www.zhihu.com/people/qin.chao/followees
16-04-20 17:03:25,529 INFO  us.codecraft.webmagic.downloader.HttpClientDownloader(HttpClientDownloader.java:87) ## downloading page https://www.zhihu.com/people/jinercheung/followees
16-04-20 17:03:26,154 INFO  us.codecraft.webmagic.downloader.HttpClientDownloader(HttpClientDownloader.java:87) ## downloading page https://www.zhihu.com/people/yu-si-si-48/followees
16-04-20 17:03:26,154 INFO  us.codecraft.webmagic.downloader.HttpClientDownloader(HttpClientDownloader.java:87) ## downloading page https://www.zhihu.com/people/imike/followees
16-04-20 17:03:26,154 INFO  us.codecraft.webmagic.downloader.HttpClientDownloader(HttpClientDownloader.java:87) ## downloading page https://www.zhihu.com/people/helanqiaoyue/followees
16-04-20 17:03:26,154 INFO  us.codecraft.webmagic.downloader.HttpClientDownloader(HttpClientDownloader.java:87) ## downloading page https://www.zhihu.com/people/yucca/followees
16-04-20 17:03:26,987 INFO  us.codecraft.webmagic.downloader.HttpClientDownloader(HttpClientDownloader.java:87) ## downloading page https://www.zhihu.com/people/yusen/followees
16-04-20 17:03:27,167 INFO  us.codecraft.webmagic.downloader.HttpClientDownloader(HttpClientDownloader.java:87) ## downloading page https://www.zhihu.com/people/tang-xiao-kai-31/followees
16-04-20 17:03:27,852 INFO  us.codecraft.webmagic.downloader.HttpClientDownloader(HttpClientDownloader.java:87) ## downloading page https://www.zhihu.com/people/li-pen/followees
16-04-20 17:03:28,396 INFO  us.codecraft.webmagic.downloader.HttpClientDownloader(HttpClientDownloader.java:87) ## downloading page https://www.zhihu.com/people/hebuan/followees
16-04-20 17:03:28,712 INFO  us.codecraft.webmagic.downloader.HttpClientDownloader(HttpClientDownloader.java:87) ## downloading page https://www.zhihu.com/people/lu-pu-tao-21/followees
16-04-20 17:03:29,158 INFO  us.codecraft.webmagic.downloader.HttpClientDownloader(HttpClientDownloader.java:87) ## downloading page https://www.zhihu.com/people/yuan-quan-90-65/followees
16-04-20 17:09:46,345 INFO  us.codecraft.webmagic.Spider(Spider.java:307) ## Spider www.zhihu.com started!
16-04-20 17:09:46,349 INFO  us.codecraft.webmagic.downloader.HttpClientDownloader(HttpClientDownloader.java:87) ## downloading page https://www.zhihu.com/people/kong-xiang-yuan-92/followees
16-04-20 17:09:46,977 WARN  us.codecraft.webmagic.pipeline.JsonFilePipeline(JsonFilePipeline.java:44) ## write file error
java.io.FileNotFoundException: /Users/xyk0058/desktop/result.txt/www.zhihu.com/64ff9aa9b8a4936cd86b7e00a29acc48.json (Not a directory)
	at java.io.FileOutputStream.open0(Native Method)
	at java.io.FileOutputStream.open(FileOutputStream.java:270)
	at java.io.FileOutputStream.<init>(FileOutputStream.java:213)
	at java.io.FileOutputStream.<init>(FileOutputStream.java:162)
	at java.io.FileWriter.<init>(FileWriter.java:90)
	at us.codecraft.webmagic.pipeline.JsonFilePipeline.process(JsonFilePipeline.java:40)
	at us.codecraft.webmagic.Spider.processRequest(Spider.java:424)
	at us.codecraft.webmagic.Spider$1.run(Spider.java:322)
	at us.codecraft.webmagic.selector.thread.CountableThreadPool$1.run(CountableThreadPool.java:74)
	at java.util.concurrent.ThreadPoolExecutor.runWorker(ThreadPoolExecutor.java:1142)
	at java.util.concurrent.ThreadPoolExecutor$Worker.run(ThreadPoolExecutor.java:617)
	at java.lang.Thread.run(Thread.java:745)
16-04-20 17:09:47,081 INFO  us.codecraft.webmagic.downloader.HttpClientDownloader(HttpClientDownloader.java:87) ## downloading page https://www.zhihu.com/people/qin.chao/followees
16-04-20 17:09:47,082 INFO  us.codecraft.webmagic.downloader.HttpClientDownloader(HttpClientDownloader.java:87) ## downloading page https://www.zhihu.com/people/jinercheung/followees
16-04-20 17:09:47,611 WARN  us.codecraft.webmagic.pipeline.JsonFilePipeline(JsonFilePipeline.java:44) ## write file error
java.io.FileNotFoundException: /Users/xyk0058/desktop/result.txt/www.zhihu.com/a1b07c25136dda7a7d0c1a521b4cbf91.json (Not a directory)
	at java.io.FileOutputStream.open0(Native Method)
	at java.io.FileOutputStream.open(FileOutputStream.java:270)
	at java.io.FileOutputStream.<init>(FileOutputStream.java:213)
	at java.io.FileOutputStream.<init>(FileOutputStream.java:162)
	at java.io.FileWriter.<init>(FileWriter.java:90)
	at us.codecraft.webmagic.pipeline.JsonFilePipeline.process(JsonFilePipeline.java:40)
	at us.codecraft.webmagic.Spider.processRequest(Spider.java:424)
	at us.codecraft.webmagic.Spider$1.run(Spider.java:322)
	at us.codecraft.webmagic.selector.thread.CountableThreadPool$1.run(CountableThreadPool.java:74)
	at java.util.concurrent.ThreadPoolExecutor.runWorker(ThreadPoolExecutor.java:1142)
	at java.util.concurrent.ThreadPoolExecutor$Worker.run(ThreadPoolExecutor.java:617)
	at java.lang.Thread.run(Thread.java:745)
16-04-20 17:09:47,715 INFO  us.codecraft.webmagic.downloader.HttpClientDownloader(HttpClientDownloader.java:87) ## downloading page https://www.zhihu.com/people/zengmin/followees
16-04-20 17:09:47,715 INFO  us.codecraft.webmagic.downloader.HttpClientDownloader(HttpClientDownloader.java:87) ## downloading page https://www.zhihu.com/people/zhu-xuan-86/followees
16-04-20 17:09:47,716 INFO  us.codecraft.webmagic.downloader.HttpClientDownloader(HttpClientDownloader.java:87) ## downloading page https://www.zhihu.com/people/sofish/followees
16-04-20 17:09:47,715 INFO  us.codecraft.webmagic.downloader.HttpClientDownloader(HttpClientDownloader.java:87) ## downloading page https://www.zhihu.com/people/wang-shuang-50/followees
16-04-20 17:09:48,219 WARN  us.codecraft.webmagic.pipeline.JsonFilePipeline(JsonFilePipeline.java:44) ## write file error
java.io.FileNotFoundException: /Users/xyk0058/desktop/result.txt/www.zhihu.com/b6dba3caed1b9b73690c84dd9e374cfd.json (Not a directory)
	at java.io.FileOutputStream.open0(Native Method)
	at java.io.FileOutputStream.open(FileOutputStream.java:270)
	at java.io.FileOutputStream.<init>(FileOutputStream.java:213)
	at java.io.FileOutputStream.<init>(FileOutputStream.java:162)
	at java.io.FileWriter.<init>(FileWriter.java:90)
	at us.codecraft.webmagic.pipeline.JsonFilePipeline.process(JsonFilePipeline.java:40)
	at us.codecraft.webmagic.Spider.processRequest(Spider.java:424)
	at us.codecraft.webmagic.Spider$1.run(Spider.java:322)
	at us.codecraft.webmagic.selector.thread.CountableThreadPool$1.run(CountableThreadPool.java:74)
	at java.util.concurrent.ThreadPoolExecutor.runWorker(ThreadPoolExecutor.java:1142)
	at java.util.concurrent.ThreadPoolExecutor$Worker.run(ThreadPoolExecutor.java:617)
	at java.lang.Thread.run(Thread.java:745)
16-04-20 17:09:48,320 INFO  us.codecraft.webmagic.downloader.HttpClientDownloader(HttpClientDownloader.java:87) ## downloading page https://www.zhihu.com/people/alexya/followees
16-04-20 17:09:48,621 WARN  us.codecraft.webmagic.pipeline.JsonFilePipeline(JsonFilePipeline.java:44) ## write file error
java.io.FileNotFoundException: /Users/xyk0058/desktop/result.txt/www.zhihu.com/8e9ce6dcc6d4e40a91d9e629120fe498.json (Not a directory)
	at java.io.FileOutputStream.open0(Native Method)
	at java.io.FileOutputStream.open(FileOutputStream.java:270)
	at java.io.FileOutputStream.<init>(FileOutputStream.java:213)
	at java.io.FileOutputStream.<init>(FileOutputStream.java:162)
	at java.io.FileWriter.<init>(FileWriter.java:90)
	at us.codecraft.webmagic.pipeline.JsonFilePipeline.process(JsonFilePipeline.java:40)
	at us.codecraft.webmagic.Spider.processRequest(Spider.java:424)
	at us.codecraft.webmagic.Spider$1.run(Spider.java:322)
	at us.codecraft.webmagic.selector.thread.CountableThreadPool$1.run(CountableThreadPool.java:74)
	at java.util.concurrent.ThreadPoolExecutor.runWorker(ThreadPoolExecutor.java:1142)
	at java.util.concurrent.ThreadPoolExecutor$Worker.run(ThreadPoolExecutor.java:617)
	at java.lang.Thread.run(Thread.java:745)
16-04-20 17:09:48,725 INFO  us.codecraft.webmagic.downloader.HttpClientDownloader(HttpClientDownloader.java:87) ## downloading page https://www.zhihu.com/people/juan-32/followees
16-04-20 17:09:49,435 WARN  us.codecraft.webmagic.pipeline.JsonFilePipeline(JsonFilePipeline.java:44) ## write file error
java.io.FileNotFoundException: /Users/xyk0058/desktop/result.txt/www.zhihu.com/f481b9774388a1ded47be154361a7ed8.json (Not a directory)
	at java.io.FileOutputStream.open0(Native Method)
	at java.io.FileOutputStream.open(FileOutputStream.java:270)
	at java.io.FileOutputStream.<init>(FileOutputStream.java:213)
	at java.io.FileOutputStream.<init>(FileOutputStream.java:162)
	at java.io.FileWriter.<init>(FileWriter.java:90)
	at us.codecraft.webmagic.pipeline.JsonFilePipeline.process(JsonFilePipeline.java:40)
	at us.codecraft.webmagic.Spider.processRequest(Spider.java:424)
	at us.codecraft.webmagic.Spider$1.run(Spider.java:322)
	at us.codecraft.webmagic.selector.thread.CountableThreadPool$1.run(CountableThreadPool.java:74)
	at java.util.concurrent.ThreadPoolExecutor.runWorker(ThreadPoolExecutor.java:1142)
	at java.util.concurrent.ThreadPoolExecutor$Worker.run(ThreadPoolExecutor.java:617)
	at java.lang.Thread.run(Thread.java:745)
16-04-20 17:09:49,536 INFO  us.codecraft.webmagic.downloader.HttpClientDownloader(HttpClientDownloader.java:87) ## downloading page https://www.zhihu.com/people/aton/followees
16-04-20 17:09:49,712 WARN  us.codecraft.webmagic.pipeline.JsonFilePipeline(JsonFilePipeline.java:44) ## write file error
java.io.FileNotFoundException: /Users/xyk0058/desktop/result.txt/www.zhihu.com/e7b2e6da761252b1baea2c5c155e9aa3.json (Not a directory)
	at java.io.FileOutputStream.open0(Native Method)
	at java.io.FileOutputStream.open(FileOutputStream.java:270)
	at java.io.FileOutputStream.<init>(FileOutputStream.java:213)
	at java.io.FileOutputStream.<init>(FileOutputStream.java:162)
	at java.io.FileWriter.<init>(FileWriter.java:90)
	at us.codecraft.webmagic.pipeline.JsonFilePipeline.process(JsonFilePipeline.java:40)
	at us.codecraft.webmagic.Spider.processRequest(Spider.java:424)
	at us.codecraft.webmagic.Spider$1.run(Spider.java:322)
	at us.codecraft.webmagic.selector.thread.CountableThreadPool$1.run(CountableThreadPool.java:74)
	at java.util.concurrent.ThreadPoolExecutor.runWorker(ThreadPoolExecutor.java:1142)
	at java.util.concurrent.ThreadPoolExecutor$Worker.run(ThreadPoolExecutor.java:617)
	at java.lang.Thread.run(Thread.java:745)
16-04-20 17:09:49,817 INFO  us.codecraft.webmagic.downloader.HttpClientDownloader(HttpClientDownloader.java:87) ## downloading page https://www.zhihu.com/people/liu-shi-jiu-84/followees
16-04-20 17:10:27,371 INFO  us.codecraft.webmagic.Spider(Spider.java:307) ## Spider www.zhihu.com started!
16-04-20 17:10:27,375 INFO  us.codecraft.webmagic.downloader.HttpClientDownloader(HttpClientDownloader.java:87) ## downloading page https://www.zhihu.com/people/kong-xiang-yuan-92/followees
16-04-20 17:10:28,683 INFO  us.codecraft.webmagic.downloader.HttpClientDownloader(HttpClientDownloader.java:87) ## downloading page https://www.zhihu.com/people/qin.chao/followees
16-04-20 17:10:28,683 INFO  us.codecraft.webmagic.downloader.HttpClientDownloader(HttpClientDownloader.java:87) ## downloading page https://www.zhihu.com/people/jinercheung/followees
16-04-20 17:10:29,496 INFO  us.codecraft.webmagic.downloader.HttpClientDownloader(HttpClientDownloader.java:87) ## downloading page https://www.zhihu.com/people/zengmin/followees
16-04-20 17:10:29,496 INFO  us.codecraft.webmagic.downloader.HttpClientDownloader(HttpClientDownloader.java:87) ## downloading page https://www.zhihu.com/people/zhu-xuan-86/followees
16-04-20 17:10:29,496 INFO  us.codecraft.webmagic.downloader.HttpClientDownloader(HttpClientDownloader.java:87) ## downloading page https://www.zhihu.com/people/sofish/followees
16-04-20 17:10:29,496 INFO  us.codecraft.webmagic.downloader.HttpClientDownloader(HttpClientDownloader.java:87) ## downloading page https://www.zhihu.com/people/wang-shuang-50/followees
16-04-20 17:10:30,108 INFO  us.codecraft.webmagic.downloader.HttpClientDownloader(HttpClientDownloader.java:87) ## downloading page https://www.zhihu.com/people/alexya/followees
16-04-20 17:10:30,309 INFO  us.codecraft.webmagic.downloader.HttpClientDownloader(HttpClientDownloader.java:87) ## downloading page https://www.zhihu.com/people/juan-32/followees
16-04-20 17:10:31,128 INFO  us.codecraft.webmagic.downloader.HttpClientDownloader(HttpClientDownloader.java:87) ## downloading page https://www.zhihu.com/people/aton/followees
16-04-20 17:10:31,376 INFO  us.codecraft.webmagic.downloader.HttpClientDownloader(HttpClientDownloader.java:87) ## downloading page https://www.zhihu.com/people/liu-shi-jiu-84/followees
16-04-20 17:17:24,330 INFO  us.codecraft.webmagic.Spider(Spider.java:307) ## Spider www.zhihu.com started!
16-04-20 17:17:24,334 INFO  us.codecraft.webmagic.downloader.HttpClientDownloader(HttpClientDownloader.java:87) ## downloading page https://www.zhihu.com/people/kong-xiang-yuan-92/followees
16-04-20 17:17:25,467 WARN  mySpider.FilePipeline(FilePipeline.java:54) ## write file error
java.io.FileNotFoundException: /data/data.txt (No such file or directory)
	at java.io.FileOutputStream.open0(Native Method)
	at java.io.FileOutputStream.open(FileOutputStream.java:270)
	at java.io.FileOutputStream.<init>(FileOutputStream.java:213)
	at java.io.FileOutputStream.<init>(FileOutputStream.java:162)
	at mySpider.FilePipeline.process(FilePipeline.java:45)
	at us.codecraft.webmagic.Spider.processRequest(Spider.java:424)
	at us.codecraft.webmagic.Spider$1.run(Spider.java:322)
	at us.codecraft.webmagic.selector.thread.CountableThreadPool$1.run(CountableThreadPool.java:74)
	at java.util.concurrent.ThreadPoolExecutor.runWorker(ThreadPoolExecutor.java:1142)
	at java.util.concurrent.ThreadPoolExecutor$Worker.run(ThreadPoolExecutor.java:617)
	at java.lang.Thread.run(Thread.java:745)
16-04-20 17:17:25,573 INFO  us.codecraft.webmagic.downloader.HttpClientDownloader(HttpClientDownloader.java:87) ## downloading page https://www.zhihu.com/people/qin.chao/followees
16-04-20 17:17:25,573 INFO  us.codecraft.webmagic.downloader.HttpClientDownloader(HttpClientDownloader.java:87) ## downloading page https://www.zhihu.com/people/jinercheung/followees
16-04-20 17:17:26,207 WARN  mySpider.FilePipeline(FilePipeline.java:54) ## write file error
java.io.FileNotFoundException: /data/data.txt (No such file or directory)
	at java.io.FileOutputStream.open0(Native Method)
	at java.io.FileOutputStream.open(FileOutputStream.java:270)
	at java.io.FileOutputStream.<init>(FileOutputStream.java:213)
	at java.io.FileOutputStream.<init>(FileOutputStream.java:162)
	at mySpider.FilePipeline.process(FilePipeline.java:45)
	at us.codecraft.webmagic.Spider.processRequest(Spider.java:424)
	at us.codecraft.webmagic.Spider$1.run(Spider.java:322)
	at us.codecraft.webmagic.selector.thread.CountableThreadPool$1.run(CountableThreadPool.java:74)
	at java.util.concurrent.ThreadPoolExecutor.runWorker(ThreadPoolExecutor.java:1142)
	at java.util.concurrent.ThreadPoolExecutor$Worker.run(ThreadPoolExecutor.java:617)
	at java.lang.Thread.run(Thread.java:745)
16-04-20 17:17:26,314 INFO  us.codecraft.webmagic.downloader.HttpClientDownloader(HttpClientDownloader.java:87) ## downloading page https://www.zhihu.com/people/zengmin/followees
16-04-20 17:17:26,314 INFO  us.codecraft.webmagic.downloader.HttpClientDownloader(HttpClientDownloader.java:87) ## downloading page https://www.zhihu.com/people/zhu-xuan-86/followees
16-04-20 17:17:26,314 INFO  us.codecraft.webmagic.downloader.HttpClientDownloader(HttpClientDownloader.java:87) ## downloading page https://www.zhihu.com/people/wang-shuang-50/followees
16-04-20 17:17:26,314 INFO  us.codecraft.webmagic.downloader.HttpClientDownloader(HttpClientDownloader.java:87) ## downloading page https://www.zhihu.com/people/sofish/followees
16-04-20 17:17:26,567 WARN  mySpider.FilePipeline(FilePipeline.java:54) ## write file error
java.io.FileNotFoundException: /data/data.txt (No such file or directory)
	at java.io.FileOutputStream.open0(Native Method)
	at java.io.FileOutputStream.open(FileOutputStream.java:270)
	at java.io.FileOutputStream.<init>(FileOutputStream.java:213)
	at java.io.FileOutputStream.<init>(FileOutputStream.java:162)
	at mySpider.FilePipeline.process(FilePipeline.java:45)
	at us.codecraft.webmagic.Spider.processRequest(Spider.java:424)
	at us.codecraft.webmagic.Spider$1.run(Spider.java:322)
	at us.codecraft.webmagic.selector.thread.CountableThreadPool$1.run(CountableThreadPool.java:74)
	at java.util.concurrent.ThreadPoolExecutor.runWorker(ThreadPoolExecutor.java:1142)
	at java.util.concurrent.ThreadPoolExecutor$Worker.run(ThreadPoolExecutor.java:617)
	at java.lang.Thread.run(Thread.java:745)
16-04-20 17:17:26,672 INFO  us.codecraft.webmagic.downloader.HttpClientDownloader(HttpClientDownloader.java:87) ## downloading page https://www.zhihu.com/people/alexya/followees
16-04-20 17:18:20,484 INFO  us.codecraft.webmagic.Spider(Spider.java:307) ## Spider www.zhihu.com started!
16-04-20 17:18:20,488 INFO  us.codecraft.webmagic.downloader.HttpClientDownloader(HttpClientDownloader.java:87) ## downloading page https://www.zhihu.com/people/kong-xiang-yuan-92/followees
16-04-20 17:18:21,189 INFO  us.codecraft.webmagic.downloader.HttpClientDownloader(HttpClientDownloader.java:87) ## downloading page https://www.zhihu.com/people/qin.chao/followees
16-04-20 17:18:21,189 INFO  us.codecraft.webmagic.downloader.HttpClientDownloader(HttpClientDownloader.java:87) ## downloading page https://www.zhihu.com/people/jinercheung/followees
16-04-20 17:18:22,181 INFO  us.codecraft.webmagic.downloader.HttpClientDownloader(HttpClientDownloader.java:87) ## downloading page https://www.zhihu.com/people/yu-si-si-48/followees
16-04-20 17:18:22,181 INFO  us.codecraft.webmagic.downloader.HttpClientDownloader(HttpClientDownloader.java:87) ## downloading page https://www.zhihu.com/people/helanqiaoyue/followees
16-04-20 17:18:22,181 INFO  us.codecraft.webmagic.downloader.HttpClientDownloader(HttpClientDownloader.java:87) ## downloading page https://www.zhihu.com/people/yucca/followees
16-04-20 17:18:22,181 INFO  us.codecraft.webmagic.downloader.HttpClientDownloader(HttpClientDownloader.java:87) ## downloading page https://www.zhihu.com/people/imike/followees
16-04-20 17:18:22,355 INFO  us.codecraft.webmagic.downloader.HttpClientDownloader(HttpClientDownloader.java:87) ## downloading page https://www.zhihu.com/people/yusen/followees
16-04-20 17:18:23,037 INFO  us.codecraft.webmagic.downloader.HttpClientDownloader(HttpClientDownloader.java:87) ## downloading page https://www.zhihu.com/people/tang-xiao-kai-31/followees
16-04-20 17:19:18,175 INFO  us.codecraft.webmagic.Spider(Spider.java:307) ## Spider www.zhihu.com started!
16-04-20 17:19:18,179 INFO  us.codecraft.webmagic.downloader.HttpClientDownloader(HttpClientDownloader.java:87) ## downloading page https://www.zhihu.com/people/kong-xiang-yuan-92/followees
16-04-20 17:19:18,945 INFO  us.codecraft.webmagic.downloader.HttpClientDownloader(HttpClientDownloader.java:87) ## downloading page https://www.zhihu.com/people/qin.chao/followees
16-04-20 17:19:18,946 INFO  us.codecraft.webmagic.downloader.HttpClientDownloader(HttpClientDownloader.java:87) ## downloading page https://www.zhihu.com/people/jinercheung/followees
16-04-20 17:19:19,739 INFO  us.codecraft.webmagic.downloader.HttpClientDownloader(HttpClientDownloader.java:87) ## downloading page https://www.zhihu.com/people/zengmin/followees
16-04-20 17:19:19,739 INFO  us.codecraft.webmagic.downloader.HttpClientDownloader(HttpClientDownloader.java:87) ## downloading page https://www.zhihu.com/people/sofish/followees
16-04-20 17:19:19,739 INFO  us.codecraft.webmagic.downloader.HttpClientDownloader(HttpClientDownloader.java:87) ## downloading page https://www.zhihu.com/people/wang-shuang-50/followees
16-04-20 17:19:19,739 INFO  us.codecraft.webmagic.downloader.HttpClientDownloader(HttpClientDownloader.java:87) ## downloading page https://www.zhihu.com/people/zhu-xuan-86/followees
16-04-20 17:19:19,984 INFO  us.codecraft.webmagic.downloader.HttpClientDownloader(HttpClientDownloader.java:87) ## downloading page https://www.zhihu.com/people/alexya/followees
16-04-20 17:19:20,746 INFO  us.codecraft.webmagic.downloader.HttpClientDownloader(HttpClientDownloader.java:87) ## downloading page https://www.zhihu.com/people/juan-32/followees
16-04-20 17:19:21,018 INFO  us.codecraft.webmagic.downloader.HttpClientDownloader(HttpClientDownloader.java:87) ## downloading page https://www.zhihu.com/people/aton/followees
16-04-20 17:20:24,497 INFO  us.codecraft.webmagic.Spider(Spider.java:307) ## Spider www.zhihu.com started!
16-04-20 17:20:24,501 INFO  us.codecraft.webmagic.downloader.HttpClientDownloader(HttpClientDownloader.java:87) ## downloading page https://www.zhihu.com/people/kong-xiang-yuan-92/followees
16-04-20 17:20:25,214 INFO  us.codecraft.webmagic.downloader.HttpClientDownloader(HttpClientDownloader.java:87) ## downloading page https://www.zhihu.com/people/qin.chao/followees
16-04-20 17:20:25,214 INFO  us.codecraft.webmagic.downloader.HttpClientDownloader(HttpClientDownloader.java:87) ## downloading page https://www.zhihu.com/people/jinercheung/followees
16-04-20 17:20:25,784 INFO  us.codecraft.webmagic.downloader.HttpClientDownloader(HttpClientDownloader.java:87) ## downloading page https://www.zhihu.com/people/yu-si-si-48/followees
16-04-20 17:20:25,784 INFO  us.codecraft.webmagic.downloader.HttpClientDownloader(HttpClientDownloader.java:87) ## downloading page https://www.zhihu.com/people/imike/followees
16-04-20 17:20:25,784 INFO  us.codecraft.webmagic.downloader.HttpClientDownloader(HttpClientDownloader.java:87) ## downloading page https://www.zhihu.com/people/yucca/followees
16-04-20 17:20:25,784 INFO  us.codecraft.webmagic.downloader.HttpClientDownloader(HttpClientDownloader.java:87) ## downloading page https://www.zhihu.com/people/helanqiaoyue/followees
16-04-20 17:20:26,490 INFO  us.codecraft.webmagic.downloader.HttpClientDownloader(HttpClientDownloader.java:87) ## downloading page https://www.zhihu.com/people/yusen/followees
16-04-20 17:20:26,791 INFO  us.codecraft.webmagic.downloader.HttpClientDownloader(HttpClientDownloader.java:87) ## downloading page https://www.zhihu.com/people/tang-xiao-kai-31/followees
16-04-20 17:20:27,500 INFO  us.codecraft.webmagic.downloader.HttpClientDownloader(HttpClientDownloader.java:87) ## downloading page https://www.zhihu.com/people/li-pen/followees
16-04-20 17:20:27,728 INFO  us.codecraft.webmagic.downloader.HttpClientDownloader(HttpClientDownloader.java:87) ## downloading page https://www.zhihu.com/people/hebuan/followees
16-04-20 17:20:28,522 INFO  us.codecraft.webmagic.downloader.HttpClientDownloader(HttpClientDownloader.java:87) ## downloading page https://www.zhihu.com/people/lu-pu-tao-21/followees
16-04-20 17:20:28,777 INFO  us.codecraft.webmagic.downloader.HttpClientDownloader(HttpClientDownloader.java:87) ## downloading page https://www.zhihu.com/people/yuan-quan-90-65/followees
16-04-20 17:20:29,549 INFO  us.codecraft.webmagic.downloader.HttpClientDownloader(HttpClientDownloader.java:87) ## downloading page https://www.zhihu.com/people/chen-nan-46-99/followees
16-04-20 17:20:29,776 INFO  us.codecraft.webmagic.downloader.HttpClientDownloader(HttpClientDownloader.java:87) ## downloading page https://www.zhihu.com/people/yu-ting-hua/followees
16-04-20 17:20:30,780 INFO  us.codecraft.webmagic.downloader.HttpClientDownloader(HttpClientDownloader.java:87) ## downloading page https://www.zhihu.com/people/Ace1987/followees
16-04-20 17:20:30,780 INFO  us.codecraft.webmagic.downloader.HttpClientDownloader(HttpClientDownloader.java:87) ## downloading page https://www.zhihu.com/people/huan-mie-yao-seng/followees
16-04-20 17:20:31,396 INFO  us.codecraft.webmagic.downloader.HttpClientDownloader(HttpClientDownloader.java:87) ## downloading page https://www.zhihu.com/people/yin-jiao-shou-32/followees
16-04-20 17:20:31,806 INFO  us.codecraft.webmagic.downloader.HttpClientDownloader(HttpClientDownloader.java:87) ## downloading page https://www.zhihu.com/people/xia-ji-ji-28/followees
16-04-20 17:20:32,618 INFO  us.codecraft.webmagic.downloader.HttpClientDownloader(HttpClientDownloader.java:87) ## downloading page https://www.zhihu.com/people/pierrexjj/followees
16-04-20 17:20:32,779 INFO  us.codecraft.webmagic.downloader.HttpClientDownloader(HttpClientDownloader.java:87) ## downloading page https://www.zhihu.com/people/miaomiaomiao/followees
16-04-20 17:20:33,638 INFO  us.codecraft.webmagic.downloader.HttpClientDownloader(HttpClientDownloader.java:87) ## downloading page https://www.zhihu.com/people/xuxiaoteng/followees
16-04-20 17:20:34,459 INFO  us.codecraft.webmagic.downloader.HttpClientDownloader(HttpClientDownloader.java:87) ## downloading page https://www.zhihu.com/people/zengmin/followees
16-04-20 17:20:34,459 INFO  us.codecraft.webmagic.downloader.HttpClientDownloader(HttpClientDownloader.java:87) ## downloading page https://www.zhihu.com/people/sofish/followees
16-04-20 17:20:35,280 INFO  us.codecraft.webmagic.downloader.HttpClientDownloader(HttpClientDownloader.java:87) ## downloading page https://www.zhihu.com/people/wang-shuang-50/followees
16-04-20 17:20:35,345 INFO  us.codecraft.webmagic.downloader.HttpClientDownloader(HttpClientDownloader.java:87) ## downloading page https://www.zhihu.com/people/zhu-xuan-86/followees
16-04-20 17:20:36,116 INFO  us.codecraft.webmagic.downloader.HttpClientDownloader(HttpClientDownloader.java:87) ## downloading page https://www.zhihu.com/people/alexya/followees
16-04-20 17:20:36,386 INFO  us.codecraft.webmagic.downloader.HttpClientDownloader(HttpClientDownloader.java:87) ## downloading page https://www.zhihu.com/people/juan-32/followees
16-04-20 17:20:37,329 INFO  us.codecraft.webmagic.downloader.HttpClientDownloader(HttpClientDownloader.java:87) ## downloading page https://www.zhihu.com/people/aton/followees
16-04-20 17:20:37,362 INFO  us.codecraft.webmagic.downloader.HttpClientDownloader(HttpClientDownloader.java:87) ## downloading page https://www.zhihu.com/people/liu-shi-jiu-84/followees
16-04-20 17:20:38,352 INFO  us.codecraft.webmagic.downloader.HttpClientDownloader(HttpClientDownloader.java:87) ## downloading page https://www.zhihu.com/people/ma-qian-zu/followees
16-04-20 17:20:38,352 INFO  us.codecraft.webmagic.downloader.HttpClientDownloader(HttpClientDownloader.java:87) ## downloading page https://www.zhihu.com/people/cracker5/followees
16-04-20 17:20:39,597 INFO  us.codecraft.webmagic.downloader.HttpClientDownloader(HttpClientDownloader.java:87) ## downloading page https://www.zhihu.com/people/like-33/followees
16-04-20 17:20:39,597 INFO  us.codecraft.webmagic.downloader.HttpClientDownloader(HttpClientDownloader.java:87) ## downloading page https://www.zhihu.com/people/he-ming-ke/followees
16-04-20 17:20:40,194 INFO  us.codecraft.webmagic.downloader.HttpClientDownloader(HttpClientDownloader.java:87) ## downloading page https://www.zhihu.com/people/emily-lou/followees
16-04-20 17:20:40,439 INFO  us.codecraft.webmagic.downloader.HttpClientDownloader(HttpClientDownloader.java:87) ## downloading page https://www.zhihu.com/people/zhang-zhi-ping-94/followees
16-04-20 17:20:41,425 INFO  us.codecraft.webmagic.downloader.HttpClientDownloader(HttpClientDownloader.java:87) ## downloading page https://www.zhihu.com/people/zhang-xiao-61-86/followees
16-04-20 17:20:41,429 INFO  us.codecraft.webmagic.downloader.HttpClientDownloader(HttpClientDownloader.java:87) ## downloading page https://www.zhihu.com/people/maggie-b-1/followees
16-04-20 17:20:42,275 INFO  us.codecraft.webmagic.downloader.HttpClientDownloader(HttpClientDownloader.java:87) ## downloading page https://www.zhihu.com/people/dongkeren/followees
